# JRE version: OpenJDK Runtime Environment Temurin-21.0.6+7 (21.0.6+7) (build 21.0.6+7-LTS)
# Java VM: OpenJDK 64-Bit Server VM Temurin-21.0.6+7 (21.0.6+7-LTS, mixed mode, sharing, tiered, compressed oops, compressed class ptrs, parallel gc, windows-amd64)
GC Precious Log:
 CardTable entry size: 512
 CPUs: 8 total, 8 available
 Memory: 16332M
 Large Page Support: Disabled
 NUMA Support: Disabled
 Compressed Oops: Enabled (32-bit)
 Alignments: Space 512K, Generation 512K, Heap 2M
 Heap Min Capacity: 100M
 Heap Initial Capacity: 100M
 Heap Max Capacity: 1G
 Pre-touch: Disabled
 Parallel Workers: 8
Heap:
 PSYoungGen      total 13312K, used 2817K [0x00000000eab00000, 0x00000000ebf80000, 0x0000000100000000)
  eden space 11776K, 11% used [0x00000000eab00000,0x00000000eac5c2b0,0x00000000eb680000)
  from space 1536K, 92% used [0x00000000ebc80000,0x00000000ebde4400,0x00000000ebe00000)
  to   space 1536K, 0% used [0x00000000ebe00000,0x00000000ebe00000,0x00000000ebf80000)
 ParOldGen       total 108544K, used 108249K [0x00000000c0000000, 0x00000000c6a00000, 0x00000000eab00000)
  object space 108544K, 99% used [0x00000000c0000000,0x00000000c69b6708,0x00000000c6a00000)
 Metaspace       used 53508K, committed 54848K, reserved 1114112K
  class space    used 5699K, committed 6272K, reserved 1048576K
GC Heap History (20 events):
Event: 8.089 GC heap after
{Heap after GC invocations=23 (full 2):
 PSYoungGen      total 22528K, used 1017K [0x00000000eab00000, 0x00000000ecb00000, 0x0000000100000000)
  eden space 21504K, 0% used [0x00000000eab00000,0x00000000eab00000,0x00000000ec000000)
  from space 1024K, 99% used [0x00000000ec900000,0x00000000ec9fe580,0x00000000eca00000)
  to   space 1024K, 0% used [0x00000000eca00000,0x00000000eca00000,0x00000000ecb00000)
 ParOldGen       total 68608K, used 34374K [0x00000000c0000000, 0x00000000c4300000, 0x00000000eab00000)
  object space 68608K, 50% used [0x00000000c0000000,0x00000000c2191b90,0x00000000c4300000)
 Metaspace       used 50166K, committed 51392K, reserved 1114112K
  class space    used 5346K, committed 5824K, reserved 1048576K
}
Event: 8.316 GC heap before
{Heap before GC invocations=24 (full 2):
 PSYoungGen      total 22528K, used 22521K [0x00000000eab00000, 0x00000000ecb00000, 0x0000000100000000)
  eden space 21504K, 100% used [0x00000000eab00000,0x00000000ec000000,0x00000000ec000000)
  from space 1024K, 99% used [0x00000000ec900000,0x00000000ec9fe580,0x00000000eca00000)
  to   space 1024K, 0% used [0x00000000eca00000,0x00000000eca00000,0x00000000ecb00000)
 ParOldGen       total 68608K, used 34374K [0x00000000c0000000, 0x00000000c4300000, 0x00000000eab00000)
  object space 68608K, 50% used [0x00000000c0000000,0x00000000c2191b90,0x00000000c4300000)
 Metaspace       used 50646K, committed 51840K, reserved 1114112K
  class space    used 5398K, committed 5952K, reserved 1048576K
}
Event: 8.319 GC heap after
{Heap after GC invocations=24 (full 2):
 PSYoungGen      total 22528K, used 608K [0x00000000eab00000, 0x00000000ecb00000, 0x0000000100000000)
  eden space 21504K, 0% used [0x00000000eab00000,0x00000000eab00000,0x00000000ec000000)
  from space 1024K, 59% used [0x00000000eca00000,0x00000000eca98000,0x00000000ecb00000)
  to   space 1024K, 0% used [0x00000000ec900000,0x00000000ec900000,0x00000000eca00000)
 ParOldGen       total 68608K, used 35228K [0x00000000c0000000, 0x00000000c4300000, 0x00000000eab00000)
  object space 68608K, 51% used [0x00000000c0000000,0x00000000c2267330,0x00000000c4300000)
 Metaspace       used 50646K, committed 51840K, reserved 1114112K
  class space    used 5398K, committed 5952K, reserved 1048576K
}
Event: 9.609 GC heap before
{Heap before GC invocations=25 (full 2):
 PSYoungGen      total 22528K, used 22112K [0x00000000eab00000, 0x00000000ecb00000, 0x0000000100000000)
  eden space 21504K, 100% used [0x00000000eab00000,0x00000000ec000000,0x00000000ec000000)
  from space 1024K, 59% used [0x00000000eca00000,0x00000000eca98000,0x00000000ecb00000)
  to   space 1024K, 0% used [0x00000000ec900000,0x00000000ec900000,0x00000000eca00000)
 ParOldGen       total 68608K, used 35228K [0x00000000c0000000, 0x00000000c4300000, 0x00000000eab00000)
  object space 68608K, 51% used [0x00000000c0000000,0x00000000c2267330,0x00000000c4300000)
 Metaspace       used 52449K, committed 53760K, reserved 1114112K
  class space    used 5605K, committed 6144K, reserved 1048576K
}
Event: 9.612 GC heap after
{Heap after GC invocations=25 (full 2):
 PSYoungGen      total 22528K, used 1016K [0x00000000eab00000, 0x00000000eca80000, 0x0000000100000000)
  eden space 21504K, 0% used [0x00000000eab00000,0x00000000eab00000,0x00000000ec000000)
  from space 1024K, 99% used [0x00000000ec900000,0x00000000ec9fe378,0x00000000eca00000)
  to   space 512K, 0% used [0x00000000eca00000,0x00000000eca00000,0x00000000eca80000)
 ParOldGen       total 68608K, used 35696K [0x00000000c0000000, 0x00000000c4300000, 0x00000000eab00000)
  object space 68608K, 52% used [0x00000000c0000000,0x00000000c22dc3f0,0x00000000c4300000)
 Metaspace       used 52449K, committed 53760K, reserved 1114112K
  class space    used 5605K, committed 6144K, reserved 1048576K
}
Event: 9.862 GC heap before
{Heap before GC invocations=26 (full 2):
 PSYoungGen      total 22528K, used 22520K [0x00000000eab00000, 0x00000000eca80000, 0x0000000100000000)
  eden space 21504K, 100% used [0x00000000eab00000,0x00000000ec000000,0x00000000ec000000)
  from space 1024K, 99% used [0x00000000ec900000,0x00000000ec9fe378,0x00000000eca00000)
  to   space 512K, 0% used [0x00000000eca00000,0x00000000eca00000,0x00000000eca80000)
 ParOldGen       total 68608K, used 51151K [0x00000000c0000000, 0x00000000c4300000, 0x00000000eab00000)
  object space 68608K, 74% used [0x00000000c0000000,0x00000000c31f3d08,0x00000000c4300000)
 Metaspace       used 52897K, committed 54208K, reserved 1114112K
  class space    used 5648K, committed 6208K, reserved 1048576K
}
Event: 9.866 GC heap after
{Heap after GC invocations=26 (full 2):
 PSYoungGen      total 22016K, used 256K [0x00000000eab00000, 0x00000000eca80000, 0x0000000100000000)
  eden space 21504K, 0% used [0x00000000eab00000,0x00000000eab00000,0x00000000ec000000)
  from space 512K, 50% used [0x00000000eca00000,0x00000000eca40000,0x00000000eca80000)
  to   space 1024K, 0% used [0x00000000ec880000,0x00000000ec880000,0x00000000ec980000)
 ParOldGen       total 68608K, used 56091K [0x00000000c0000000, 0x00000000c4300000, 0x00000000eab00000)
  object space 68608K, 81% used [0x00000000c0000000,0x00000000c36c6e78,0x00000000c4300000)
 Metaspace       used 52897K, committed 54208K, reserved 1114112K
  class space    used 5648K, committed 6208K, reserved 1048576K
}
Event: 9.950 GC heap before
{Heap before GC invocations=27 (full 2):
 PSYoungGen      total 22016K, used 21760K [0x00000000eab00000, 0x00000000eca80000, 0x0000000100000000)
  eden space 21504K, 100% used [0x00000000eab00000,0x00000000ec000000,0x00000000ec000000)
  from space 512K, 50% used [0x00000000eca00000,0x00000000eca40000,0x00000000eca80000)
  to   space 1024K, 0% used [0x00000000ec880000,0x00000000ec880000,0x00000000ec980000)
 ParOldGen       total 68608K, used 67103K [0x00000000c0000000, 0x00000000c4300000, 0x00000000eab00000)
  object space 68608K, 97% used [0x00000000c0000000,0x00000000c4187ce8,0x00000000c4300000)
 Metaspace       used 52957K, committed 54208K, reserved 1114112K
  class space    used 5656K, committed 6208K, reserved 1048576K
}
Event: 9.960 GC heap after
{Heap after GC invocations=27 (full 2):
 PSYoungGen      total 22528K, used 1024K [0x00000000eab00000, 0x00000000ed100000, 0x0000000100000000)
  eden space 21504K, 0% used [0x00000000eab00000,0x00000000eab00000,0x00000000ec000000)
  from space 1024K, 100% used [0x00000000ec880000,0x00000000ec980000,0x00000000ec980000)
  to   space 7680K, 0% used [0x00000000ec980000,0x00000000ec980000,0x00000000ed100000)
 ParOldGen       total 73728K, used 73236K [0x00000000c0000000, 0x00000000c4800000, 0x00000000eab00000)
  object space 73728K, 99% used [0x00000000c0000000,0x00000000c47852c0,0x00000000c4800000)
 Metaspace       used 52957K, committed 54208K, reserved 1114112K
  class space    used 5656K, committed 6208K, reserved 1048576K
}
Event: 10.004 GC heap before
{Heap before GC invocations=28 (full 2):
 PSYoungGen      total 22528K, used 22528K [0x00000000eab00000, 0x00000000ed100000, 0x0000000100000000)
  eden space 21504K, 100% used [0x00000000eab00000,0x00000000ec000000,0x00000000ec000000)
  from space 1024K, 100% used [0x00000000ec880000,0x00000000ec980000,0x00000000ec980000)
  to   space 7680K, 0% used [0x00000000ec980000,0x00000000ec980000,0x00000000ed100000)
 ParOldGen       total 73728K, used 73236K [0x00000000c0000000, 0x00000000c4800000, 0x00000000eab00000)
  object space 73728K, 99% used [0x00000000c0000000,0x00000000c47852c0,0x00000000c4800000)
 Metaspace       used 52984K, committed 54272K, reserved 1114112K
  class space    used 5657K, committed 6208K, reserved 1048576K
}
Event: 10.021 GC heap after
{Heap after GC invocations=28 (full 2):
 PSYoungGen      total 19456K, used 7680K [0x00000000eab00000, 0x00000000ee600000, 0x0000000100000000)
  eden space 11776K, 0% used [0x00000000eab00000,0x00000000eab00000,0x00000000eb680000)
  from space 7680K, 100% used [0x00000000ec980000,0x00000000ed100000,0x00000000ed100000)
  to   space 19456K, 0% used [0x00000000eb680000,0x00000000eb680000,0x00000000ec980000)
 ParOldGen       total 82944K, used 82652K [0x00000000c0000000, 0x00000000c5100000, 0x00000000eab00000)
  object space 82944K, 99% used [0x00000000c0000000,0x00000000c50b72c0,0x00000000c5100000)
 Metaspace       used 52984K, committed 54272K, reserved 1114112K
  class space    used 5657K, committed 6208K, reserved 1048576K
}
Event: 10.044 GC heap before
{Heap before GC invocations=29 (full 2):
 PSYoungGen      total 19456K, used 19456K [0x00000000eab00000, 0x00000000ee600000, 0x0000000100000000)
  eden space 11776K, 100% used [0x00000000eab00000,0x00000000eb680000,0x00000000eb680000)
  from space 7680K, 100% used [0x00000000ec980000,0x00000000ed100000,0x00000000ed100000)
  to   space 19456K, 0% used [0x00000000eb680000,0x00000000eb680000,0x00000000ec980000)
 ParOldGen       total 82944K, used 82652K [0x00000000c0000000, 0x00000000c5100000, 0x00000000eab00000)
  object space 82944K, 99% used [0x00000000c0000000,0x00000000c50b72c0,0x00000000c5100000)
 Metaspace       used 53001K, committed 54336K, reserved 1114112K
  class space    used 5657K, committed 6208K, reserved 1048576K
}
Event: 10.064 GC heap after
{Heap after GC invocations=29 (full 2):
 PSYoungGen      total 20992K, used 8896K [0x00000000eab00000, 0x00000000ece80000, 0x0000000100000000)
  eden space 11776K, 0% used [0x00000000eab00000,0x00000000eab00000,0x00000000eb680000)
  from space 9216K, 96% used [0x00000000eb680000,0x00000000ebf30000,0x00000000ebf80000)
  to   space 12288K, 0% used [0x00000000ec280000,0x00000000ec280000,0x00000000ece80000)
 ParOldGen       total 90624K, used 90380K [0x00000000c0000000, 0x00000000c5880000, 0x00000000eab00000)
  object space 90624K, 99% used [0x00000000c0000000,0x00000000c58432c0,0x00000000c5880000)
 Metaspace       used 53001K, committed 54336K, reserved 1114112K
  class space    used 5657K, committed 6208K, reserved 1048576K
}
Event: 10.158 GC heap before
{Heap before GC invocations=30 (full 2):
 PSYoungGen      total 20992K, used 20672K [0x00000000eab00000, 0x00000000ece80000, 0x0000000100000000)
  eden space 11776K, 100% used [0x00000000eab00000,0x00000000eb680000,0x00000000eb680000)
  from space 9216K, 96% used [0x00000000eb680000,0x00000000ebf30000,0x00000000ebf80000)
  to   space 12288K, 0% used [0x00000000ec280000,0x00000000ec280000,0x00000000ece80000)
 ParOldGen       total 90624K, used 90380K [0x00000000c0000000, 0x00000000c5880000, 0x00000000eab00000)
  object space 90624K, 99% used [0x00000000c0000000,0x00000000c58432c0,0x00000000c5880000)
 Metaspace       used 53071K, committed 54400K, reserved 1114112K
  class space    used 5657K, committed 6208K, reserved 1048576K
}
Event: 10.171 GC heap after
{Heap after GC invocations=30 (full 2):
 PSYoungGen      total 18944K, used 6928K [0x00000000eab00000, 0x00000000ec980000, 0x0000000100000000)
  eden space 11776K, 0% used [0x00000000eab00000,0x00000000eab00000,0x00000000eb680000)
  from space 7168K, 96% used [0x00000000ec280000,0x00000000ec944010,0x00000000ec980000)
  to   space 8192K, 0% used [0x00000000eb980000,0x00000000eb980000,0x00000000ec180000)
 ParOldGen       total 99328K, used 99188K [0x00000000c0000000, 0x00000000c6100000, 0x00000000eab00000)
  object space 99328K, 99% used [0x00000000c0000000,0x00000000c60dd2c0,0x00000000c6100000)
 Metaspace       used 53071K, committed 54400K, reserved 1114112K
  class space    used 5657K, committed 6208K, reserved 1048576K
}
Event: 10.358 GC heap before
{Heap before GC invocations=31 (full 2):
 PSYoungGen      total 18944K, used 18704K [0x00000000eab00000, 0x00000000ec980000, 0x0000000100000000)
  eden space 11776K, 100% used [0x00000000eab00000,0x00000000eb680000,0x00000000eb680000)
  from space 7168K, 96% used [0x00000000ec280000,0x00000000ec944010,0x00000000ec980000)
  to   space 8192K, 0% used [0x00000000eb980000,0x00000000eb980000,0x00000000ec180000)
 ParOldGen       total 99328K, used 99188K [0x00000000c0000000, 0x00000000c6100000, 0x00000000eab00000)
  object space 99328K, 99% used [0x00000000c0000000,0x00000000c60dd2c0,0x00000000c6100000)
 Metaspace       used 53281K, committed 54592K, reserved 1114112K
  class space    used 5665K, committed 6208K, reserved 1048576K
}
Event: 10.368 GC heap after
{Heap after GC invocations=31 (full 2):
 PSYoungGen      total 13312K, used 1344K [0x00000000eab00000, 0x00000000ec300000, 0x0000000100000000)
  eden space 11776K, 0% used [0x00000000eab00000,0x00000000eab00000,0x00000000eb680000)
  from space 1536K, 87% used [0x00000000eb980000,0x00000000ebad0380,0x00000000ebb00000)
  to   space 4096K, 0% used [0x00000000ebf00000,0x00000000ebf00000,0x00000000ec300000)
 ParOldGen       total 105984K, used 105980K [0x00000000c0000000, 0x00000000c6780000, 0x00000000eab00000)
  object space 105984K, 99% used [0x00000000c0000000,0x00000000c677f2c0,0x00000000c6780000)
 Metaspace       used 53281K, committed 54592K, reserved 1114112K
  class space    used 5665K, committed 6208K, reserved 1048576K
}
Event: 10.393 GC heap before
{Heap before GC invocations=32 (full 2):
 PSYoungGen      total 13312K, used 13120K [0x00000000eab00000, 0x00000000ec300000, 0x0000000100000000)
  eden space 11776K, 100% used [0x00000000eab00000,0x00000000eb680000,0x00000000eb680000)
  from space 1536K, 87% used [0x00000000eb980000,0x00000000ebad0380,0x00000000ebb00000)
  to   space 4096K, 0% used [0x00000000ebf00000,0x00000000ebf00000,0x00000000ec300000)
 ParOldGen       total 105984K, used 105980K [0x00000000c0000000, 0x00000000c6780000, 0x00000000eab00000)
  object space 105984K, 99% used [0x00000000c0000000,0x00000000c677f2c0,0x00000000c6780000)
 Metaspace       used 53281K, committed 54592K, reserved 1114112K
  class space    used 5665K, committed 6208K, reserved 1048576K
}
Event: 10.400 GC heap after
{Heap after GC invocations=32 (full 2):
 PSYoungGen      total 13312K, used 1216K [0x00000000eab00000, 0x00000000ec080000, 0x0000000100000000)
  eden space 11776K, 0% used [0x00000000eab00000,0x00000000eab00000,0x00000000eb680000)
  from space 1536K, 79% used [0x00000000ebf00000,0x00000000ec030010,0x00000000ec080000)
  to   space 2048K, 0% used [0x00000000ebc80000,0x00000000ebc80000,0x00000000ebe80000)
 ParOldGen       total 107520K, used 107177K [0x00000000c0000000, 0x00000000c6900000, 0x00000000eab00000)
  object space 107520K, 99% used [0x00000000c0000000,0x00000000c68aa6f8,0x00000000c6900000)
 Metaspace       used 53281K, committed 54592K, reserved 1114112K
  class space    used 5665K, committed 6208K, reserved 1048576K
}
Event: 10.444 GC heap before
{Heap before GC invocations=33 (full 2):
 PSYoungGen      total 13312K, used 12992K [0x00000000eab00000, 0x00000000ec080000, 0x0000000100000000)
  eden space 11776K, 100% used [0x00000000eab00000,0x00000000eb680000,0x00000000eb680000)
  from space 1536K, 79% used [0x00000000ebf00000,0x00000000ec030010,0x00000000ec080000)
  to   space 2048K, 0% used [0x00000000ebc80000,0x00000000ebc80000,0x00000000ebe80000)
 ParOldGen       total 107520K, used 107177K [0x00000000c0000000, 0x00000000c6900000, 0x00000000eab00000)
  object space 107520K, 99% used [0x00000000c0000000,0x00000000c68aa6f8,0x00000000c6900000)
 Metaspace       used 53295K, committed 54592K, reserved 1114112K
  class space    used 5665K, committed 6208K, reserved 1048576K
}

